<?xml version="1.0" encoding="UTF-8"?>
<coverage generated="1661521294082" clover="3.2.0">
  <project timestamp="1661521294083" name="All files">
    <metrics statements="3" coveredstatements="3" conditionals="0" coveredconditionals="0" methods="1" coveredmethods="1" elements="4" coveredelements="4" complexity="0" loc="3" ncloc="3" packages="1" files="1" classes="1"/>
    <file name="Task.js" path="C:\Users\Losalini R\Desktop\microverse-2-0\module-2\week-3\To-Do-List-Webpage\src\Task.js">
      <metrics statements="3" coveredstatements="3" conditionals="0" coveredconditionals="0" methods="1" coveredmethods="1"/>
      <line num="3" count="6" type="stmt"/>
      <line num="4" count="6" type="stmt"/>
      <line num="5" count="6" type="stmt"/>
    </file>
  </project>
</coverage>
