{"C:\\Users\\william\\Documents\\GitHub\\Module 2\\To-Do-List-Webpage-2\\src\\Task.js": {"path":"C:\\Users\\william\\Documents\\GitHub\\Module 2\\To-Do-List-Webpage-2\\src\\Task.js","statementMap":{"0":{"start":{"line":3,"column":4},"end":{"line":3,"column":23}},"1":{"start":{"line":4,"column":4},"end":{"line":4,"column":35}},"2":{"start":{"line":5,"column":4},"end":{"line":5,"column":31}}},"fnMap":{"0":{"name":"(anonymous_0)","decl":{"start":{"line":2,"column":2},"end":{"line":2,"column":3}},"loc":{"start":{"line":2,"column":45},"end":{"line":6,"column":3}},"line":2}},"branchMap":{},"s":{"0":2,"1":2,"2":2},"f":{"0":2},"b":{},"_coverageSchema":"1a1c01bbd47fc00a2c39e90264f33305004495a9","hash":"33e1132324e88c9506239c543698f6cfa9861c29"}
}
